# JRE version: OpenJDK Runtime Environment Corretto-17.0.15.6.1 (17.0.15+6) (build 17.0.15+6-LTS)
# Java VM: OpenJDK 64-Bit Server VM Corretto-17.0.15.6.1 (17.0.15+6-LTS, mixed mode, emulated-client, sharing, tiered, compressed oops, compressed class ptrs, g1 gc, windows-amd64)
GC Precious Log:
 CPUs: 4 total, 4 available
 Memory: 3836M
 Large Page Support: Disabled
 NUMA Support: Disabled
 Compressed Oops: Enabled (32-bit)
 Heap Region Size: 1M
 Heap Min Capacity: 8M
 Heap Initial Capacity: 60M
 Heap Max Capacity: 960M
 Pre-touch: Disabled
 Parallel Workers: 4
 Concurrent Workers: 1
 Concurrent Refinement Workers: 4
 Periodic GC: Disabled
Heap:
 garbage-first heap   total 65536K, used 30902K [0x00000000c4000000, 0x0000000100000000)
  region size 1024K, 8 young (8192K), 3 survivors (3072K)
 Metaspace       used 56828K, committed 57472K, reserved 1114112K
  class space    used 8258K, committed 8576K, reserved 1048576K
GC Heap History (20 events):
Event: 23.482 GC heap before
{Heap before GC invocations=7 (full 0):
 garbage-first heap   total 48128K, used 16969K [0x00000000c4000000, 0x0000000100000000)
  region size 1024K, 4 young (4096K), 3 survivors (3072K)
 Metaspace       used 24032K, committed 24448K, reserved 1114112K
  class space    used 3373K, committed 3584K, reserved 1048576K
}
Event: 23.522 GC heap after
{Heap after GC invocations=8 (full 0):
 garbage-first heap   total 48128K, used 16121K [0x00000000c4000000, 0x0000000100000000)
  region size 1024K, 1 young (1024K), 1 survivors (1024K)
 Metaspace       used 24032K, committed 24448K, reserved 1114112K
  class space    used 3373K, committed 3584K, reserved 1048576K
}
Event: 26.155 GC heap before
{Heap before GC invocations=8 (full 0):
 garbage-first heap   total 48128K, used 33529K [0x00000000c4000000, 0x0000000100000000)
  region size 1024K, 18 young (18432K), 1 survivors (1024K)
 Metaspace       used 26362K, committed 26816K, reserved 1114112K
  class space    used 3731K, committed 3904K, reserved 1048576K
}
Event: 26.173 GC heap after
{Heap after GC invocations=9 (full 0):
 garbage-first heap   total 48128K, used 17187K [0x00000000c4000000, 0x0000000100000000)
  region size 1024K, 2 young (2048K), 2 survivors (2048K)
 Metaspace       used 26362K, committed 26816K, reserved 1114112K
  class space    used 3731K, committed 3904K, reserved 1048576K
}
Event: 28.917 GC heap before
{Heap before GC invocations=9 (full 0):
 garbage-first heap   total 48128K, used 34595K [0x00000000c4000000, 0x0000000100000000)
  region size 1024K, 19 young (19456K), 2 survivors (2048K)
 Metaspace       used 29258K, committed 29760K, reserved 1114112K
  class space    used 4177K, committed 4416K, reserved 1048576K
}
Event: 28.959 GC heap after
{Heap after GC invocations=10 (full 0):
 garbage-first heap   total 48128K, used 18896K [0x00000000c4000000, 0x0000000100000000)
  region size 1024K, 3 young (3072K), 3 survivors (3072K)
 Metaspace       used 29258K, committed 29760K, reserved 1114112K
  class space    used 4177K, committed 4416K, reserved 1048576K
}
Event: 32.999 GC heap before
{Heap before GC invocations=10 (full 0):
 garbage-first heap   total 48128K, used 35280K [0x00000000c4000000, 0x0000000100000000)
  region size 1024K, 20 young (20480K), 3 survivors (3072K)
 Metaspace       used 31615K, committed 32128K, reserved 1114112K
  class space    used 4486K, committed 4736K, reserved 1048576K
}
Event: 33.026 GC heap after
{Heap after GC invocations=11 (full 0):
 garbage-first heap   total 65536K, used 20521K [0x00000000c4000000, 0x0000000100000000)
  region size 1024K, 2 young (2048K), 2 survivors (2048K)
 Metaspace       used 31615K, committed 32128K, reserved 1114112K
  class space    used 4486K, committed 4736K, reserved 1048576K
}
Event: 35.447 GC heap before
{Heap before GC invocations=11 (full 0):
 garbage-first heap   total 65536K, used 34857K [0x00000000c4000000, 0x0000000100000000)
  region size 1024K, 17 young (17408K), 2 survivors (2048K)
 Metaspace       used 35505K, committed 35968K, reserved 1114112K
  class space    used 5053K, committed 5248K, reserved 1048576K
}
Event: 35.513 GC heap after
{Heap after GC invocations=12 (full 0):
 garbage-first heap   total 65536K, used 20728K [0x00000000c4000000, 0x0000000100000000)
  region size 1024K, 2 young (2048K), 2 survivors (2048K)
 Metaspace       used 35505K, committed 35968K, reserved 1114112K
  class space    used 5053K, committed 5248K, reserved 1048576K
}
Event: 42.379 GC heap before
{Heap before GC invocations=13 (full 0):
 garbage-first heap   total 65536K, used 49400K [0x00000000c4000000, 0x0000000100000000)
  region size 1024K, 30 young (30720K), 2 survivors (2048K)
 Metaspace       used 41790K, committed 42240K, reserved 1114112K
  class space    used 5986K, committed 6208K, reserved 1048576K
}
Event: 42.415 GC heap after
{Heap after GC invocations=14 (full 0):
 garbage-first heap   total 65536K, used 23363K [0x00000000c4000000, 0x0000000100000000)
  region size 1024K, 4 young (4096K), 4 survivors (4096K)
 Metaspace       used 41790K, committed 42240K, reserved 1114112K
  class space    used 5986K, committed 6208K, reserved 1048576K
}
Event: 42.511 GC heap before
{Heap before GC invocations=14 (full 0):
 garbage-first heap   total 65536K, used 24387K [0x00000000c4000000, 0x0000000100000000)
  region size 1024K, 5 young (5120K), 4 survivors (4096K)
 Metaspace       used 42142K, committed 42624K, reserved 1114112K
  class space    used 6046K, committed 6272K, reserved 1048576K
}
Event: 42.623 GC heap after
{Heap after GC invocations=15 (full 0):
 garbage-first heap   total 65536K, used 23743K [0x00000000c4000000, 0x0000000100000000)
  region size 1024K, 1 young (1024K), 1 survivors (1024K)
 Metaspace       used 42142K, committed 42624K, reserved 1114112K
  class space    used 6046K, committed 6272K, reserved 1048576K
}
Event: 46.124 GC heap before
{Heap before GC invocations=15 (full 0):
 garbage-first heap   total 65536K, used 48319K [0x00000000c4000000, 0x0000000100000000)
  region size 1024K, 26 young (26624K), 1 survivors (1024K)
 Metaspace       used 46578K, committed 47168K, reserved 1114112K
  class space    used 6614K, committed 6912K, reserved 1048576K
}
Event: 46.152 GC heap after
{Heap after GC invocations=16 (full 0):
 garbage-first heap   total 65536K, used 24533K [0x00000000c4000000, 0x0000000100000000)
  region size 1024K, 2 young (2048K), 2 survivors (2048K)
 Metaspace       used 46578K, committed 47168K, reserved 1114112K
  class space    used 6614K, committed 6912K, reserved 1048576K
}
Event: 49.010 GC heap before
{Heap before GC invocations=16 (full 0):
 garbage-first heap   total 65536K, used 49109K [0x00000000c4000000, 0x0000000100000000)
  region size 1024K, 27 young (27648K), 2 survivors (2048K)
 Metaspace       used 52673K, committed 53248K, reserved 1114112K
  class space    used 7648K, committed 7936K, reserved 1048576K
}
Event: 49.034 GC heap after
{Heap after GC invocations=17 (full 0):
 garbage-first heap   total 65536K, used 25346K [0x00000000c4000000, 0x0000000100000000)
  region size 1024K, 3 young (3072K), 3 survivors (3072K)
 Metaspace       used 52673K, committed 53248K, reserved 1114112K
  class space    used 7648K, committed 7936K, reserved 1048576K
}
Event: 51.257 GC heap before
{Heap before GC invocations=17 (full 0):
 garbage-first heap   total 65536K, used 49922K [0x00000000c4000000, 0x0000000100000000)
  region size 1024K, 28 young (28672K), 3 survivors (3072K)
 Metaspace       used 56407K, committed 57024K, reserved 1114112K
  class space    used 8223K, committed 8512K, reserved 1048576K
}
Event: 51.296 GC heap after
{Heap after GC invocations=18 (full 0):
 garbage-first heap   total 65536K, used 26806K [0x00000000c4000000, 0x0000000100000000)
  region size 1024K, 3 young (3072K), 3 survivors (3072K)
 Metaspace       used 56407K, committed 57024K, reserved 1114112K
  class space    used 8223K, committed 8512K, reserved 1048576K
}

