# JRE version: OpenJDK Runtime Environment Corretto-17.0.15.6.1 (17.0.15+6) (build 17.0.15+6-LTS)
# Java VM: OpenJDK 64-Bit Server VM Corretto-17.0.15.6.1 (17.0.15+6-LTS, mixed mode, emulated-client, sharing, tiered, compressed oops, compressed class ptrs, g1 gc, windows-amd64)
GC Precious Log:
 CPUs: 4 total, 4 available
 Memory: 3836M
 Large Page Support: Disabled
 NUMA Support: Disabled
 Compressed Oops: Enabled (32-bit)
 Heap Region Size: 1M
 Heap Min Capacity: 8M
 Heap Initial Capacity: 60M
 Heap Max Capacity: 960M
 Pre-touch: Disabled
 Parallel Workers: 4
 Concurrent Workers: 1
 Concurrent Refinement Workers: 4
 Periodic GC: Disabled
Heap:
 garbage-first heap   total 76800K, used 59676K [0x00000000c4000000, 0x0000000100000000)
  region size 1024K, 25 young (25600K), 2 survivors (2048K)
 Metaspace       used 75092K, committed 75776K, reserved 1114112K
  class space    used 11136K, committed 11456K, reserved 1048576K
GC Heap History (20 events):
Event: 20.515 GC heap before
{Heap before GC invocations=18 (full 0):
 garbage-first heap   total 51200K, used 40210K [0x00000000c4000000, 0x0000000100000000)
  region size 1024K, 17 young (17408K), 2 survivors (2048K)
 Metaspace       used 54888K, committed 55488K, reserved 1114112K
  class space    used 8020K, committed 8320K, reserved 1048576K
}
Event: 20.518 GC heap after
{Heap after GC invocations=19 (full 0):
 garbage-first heap   total 51200K, used 26306K [0x00000000c4000000, 0x0000000100000000)
  region size 1024K, 2 young (2048K), 2 survivors (2048K)
 Metaspace       used 54888K, committed 55488K, reserved 1114112K
  class space    used 8020K, committed 8320K, reserved 1048576K
}
Event: 22.802 GC heap before
{Heap before GC invocations=20 (full 0):
 garbage-first heap   total 51200K, used 41666K [0x00000000c4000000, 0x0000000100000000)
  region size 1024K, 17 young (17408K), 2 survivors (2048K)
 Metaspace       used 57643K, committed 58304K, reserved 1114112K
  class space    used 8379K, committed 8704K, reserved 1048576K
}
Event: 22.808 GC heap after
{Heap after GC invocations=21 (full 0):
 garbage-first heap   total 51200K, used 27709K [0x00000000c4000000, 0x0000000100000000)
  region size 1024K, 3 young (3072K), 3 survivors (3072K)
 Metaspace       used 57643K, committed 58304K, reserved 1114112K
  class space    used 8379K, committed 8704K, reserved 1048576K
}
Event: 23.069 GC heap before
{Heap before GC invocations=21 (full 0):
 garbage-first heap   total 51200K, used 42045K [0x00000000c4000000, 0x0000000100000000)
  region size 1024K, 17 young (17408K), 3 survivors (3072K)
 Metaspace       used 59915K, committed 60544K, reserved 1114112K
  class space    used 8740K, committed 9024K, reserved 1048576K
}
Event: 23.076 GC heap after
{Heap after GC invocations=22 (full 0):
 garbage-first heap   total 51200K, used 29157K [0x00000000c4000000, 0x0000000100000000)
  region size 1024K, 3 young (3072K), 3 survivors (3072K)
 Metaspace       used 59915K, committed 60544K, reserved 1114112K
  class space    used 8740K, committed 9024K, reserved 1048576K
}
Event: 23.506 GC heap before
{Heap before GC invocations=23 (full 0):
 garbage-first heap   total 53248K, used 41445K [0x00000000c4000000, 0x0000000100000000)
  region size 1024K, 15 young (15360K), 3 survivors (3072K)
 Metaspace       used 61868K, committed 62528K, reserved 1114112K
  class space    used 9178K, committed 9472K, reserved 1048576K
}
Event: 23.516 GC heap after
{Heap after GC invocations=24 (full 0):
 garbage-first heap   total 53248K, used 30243K [0x00000000c4000000, 0x0000000100000000)
  region size 1024K, 2 young (2048K), 2 survivors (2048K)
 Metaspace       used 61868K, committed 62528K, reserved 1114112K
  class space    used 9178K, committed 9472K, reserved 1048576K
}
Event: 23.591 GC heap before
{Heap before GC invocations=24 (full 0):
 garbage-first heap   total 53248K, used 42531K [0x00000000c4000000, 0x0000000100000000)
  region size 1024K, 14 young (14336K), 2 survivors (2048K)
 Metaspace       used 61905K, committed 62528K, reserved 1114112K
  class space    used 9183K, committed 9472K, reserved 1048576K
}
Event: 23.595 GC heap after
{Heap after GC invocations=25 (full 0):
 garbage-first heap   total 53248K, used 30893K [0x00000000c4000000, 0x0000000100000000)
  region size 1024K, 1 young (1024K), 1 survivors (1024K)
 Metaspace       used 61905K, committed 62528K, reserved 1114112K
  class space    used 9183K, committed 9472K, reserved 1048576K
}
Event: 23.884 GC heap before
{Heap before GC invocations=26 (full 0):
 garbage-first heap   total 60416K, used 42157K [0x00000000c4000000, 0x0000000100000000)
  region size 1024K, 13 young (13312K), 1 survivors (1024K)
 Metaspace       used 63648K, committed 64256K, reserved 1114112K
  class space    used 9561K, committed 9856K, reserved 1048576K
}
Event: 23.887 GC heap after
{Heap after GC invocations=27 (full 0):
 garbage-first heap   total 60416K, used 32116K [0x00000000c4000000, 0x0000000100000000)
  region size 1024K, 2 young (2048K), 2 survivors (2048K)
 Metaspace       used 63648K, committed 64256K, reserved 1114112K
  class space    used 9561K, committed 9856K, reserved 1048576K
}
Event: 23.941 GC heap before
{Heap before GC invocations=27 (full 0):
 garbage-first heap   total 60416K, used 49524K [0x00000000c4000000, 0x0000000100000000)
  region size 1024K, 19 young (19456K), 2 survivors (2048K)
 Metaspace       used 63651K, committed 64256K, reserved 1114112K
  class space    used 9561K, committed 9856K, reserved 1048576K
}
Event: 23.944 GC heap after
{Heap after GC invocations=28 (full 0):
 garbage-first heap   total 72704K, used 31807K [0x00000000c4000000, 0x0000000100000000)
  region size 1024K, 1 young (1024K), 1 survivors (1024K)
 Metaspace       used 63651K, committed 64256K, reserved 1114112K
  class space    used 9561K, committed 9856K, reserved 1048576K
}
Event: 24.330 GC heap before
{Heap before GC invocations=29 (full 0):
 garbage-first heap   total 76800K, used 57407K [0x00000000c4000000, 0x0000000100000000)
  region size 1024K, 27 young (27648K), 1 survivors (1024K)
 Metaspace       used 65670K, committed 66304K, reserved 1114112K
  class space    used 9822K, committed 10112K, reserved 1048576K
}
Event: 24.336 GC heap after
{Heap after GC invocations=30 (full 0):
 garbage-first heap   total 76800K, used 33080K [0x00000000c4000000, 0x0000000100000000)
  region size 1024K, 2 young (2048K), 2 survivors (2048K)
 Metaspace       used 65670K, committed 66304K, reserved 1114112K
  class space    used 9822K, committed 10112K, reserved 1048576K
}
Event: 62.046 GC heap before
{Heap before GC invocations=30 (full 0):
 garbage-first heap   total 76800K, used 61752K [0x00000000c4000000, 0x0000000100000000)
  region size 1024K, 30 young (30720K), 2 survivors (2048K)
 Metaspace       used 68884K, committed 69504K, reserved 1114112K
  class space    used 10266K, committed 10560K, reserved 1048576K
}
Event: 62.379 GC heap after
{Heap after GC invocations=31 (full 0):
 garbage-first heap   total 76800K, used 35416K [0x00000000c4000000, 0x0000000100000000)
  region size 1024K, 4 young (4096K), 4 survivors (4096K)
 Metaspace       used 68884K, committed 69504K, reserved 1114112K
  class space    used 10266K, committed 10560K, reserved 1048576K
}
Event: 131.821 GC heap before
{Heap before GC invocations=31 (full 0):
 garbage-first heap   total 76800K, used 61016K [0x00000000c4000000, 0x0000000100000000)
  region size 1024K, 30 young (30720K), 4 survivors (4096K)
 Metaspace       used 74635K, committed 75264K, reserved 1114112K
  class space    used 11059K, committed 11392K, reserved 1048576K
}
Event: 131.989 GC heap after
{Heap after GC invocations=32 (full 0):
 garbage-first heap   total 76800K, used 37148K [0x00000000c4000000, 0x0000000100000000)
  region size 1024K, 2 young (2048K), 2 survivors (2048K)
 Metaspace       used 74635K, committed 75264K, reserved 1114112K
  class space    used 11059K, committed 11392K, reserved 1048576K
}

